e:\ntroot\mfc\ultimate toolbox\samples\advanced\outlooklikedemo\unicode_release\outlook.pch
e:\ntroot\mfc\ultimate toolbox\samples\advanced\outlooklikedemo\unicode_release\vc140.pdb
e:\ntroot\mfc\ultimate toolbox\samples\advanced\outlooklikedemo\unicode_release\stdafx.obj
e:\ntroot\mfc\ultimate toolbox\samples\advanced\outlooklikedemo\unicode_release\oxsizedockbar.obj
e:\ntroot\mfc\ultimate toolbox\samples\advanced\outlooklikedemo\unicode_release\oxsizectrlbar.obj
e:\ntroot\mfc\ultimate toolbox\samples\advanced\outlooklikedemo\unicode_release\oxshortcutbar.obj
e:\ntroot\mfc\ultimate toolbox\samples\advanced\outlooklikedemo\unicode_release\oxrecttracker.obj
e:\ntroot\mfc\ultimate toolbox\samples\advanced\outlooklikedemo\unicode_release\oxpopupbarctrl.obj
e:\ntroot\mfc\ultimate toolbox\samples\advanced\outlooklikedemo\unicode_release\oxmenubar.obj
e:\ntroot\mfc\ultimate toolbox\samples\advanced\outlooklikedemo\unicode_release\oxmdifloatwnd.obj
e:\ntroot\mfc\ultimate toolbox\samples\advanced\outlooklikedemo\unicode_release\oxframewnddock.obj
e:\ntroot\mfc\ultimate toolbox\samples\advanced\outlooklikedemo\unicode_release\oxdragdockcontext.obj
e:\ntroot\mfc\ultimate toolbox\samples\advanced\outlooklikedemo\unicode_release\oxdocktabctrl.obj
e:\ntroot\mfc\ultimate toolbox\samples\advanced\outlooklikedemo\unicode_release\oxcooltoolbar.obj
e:\ntroot\mfc\ultimate toolbox\samples\advanced\outlooklikedemo\unicode_release\oxcolorpickerctrl.obj
e:\ntroot\mfc\ultimate toolbox\samples\advanced\outlooklikedemo\unicode_release\oxcolorpickerbutton.obj
e:\ntroot\mfc\ultimate toolbox\samples\advanced\outlooklikedemo\unicode_release\oxbitmapmenuorganizer.obj
e:\ntroot\mfc\ultimate toolbox\samples\advanced\outlooklikedemo\unicode_release\oxbitmapmenu.obj
e:\ntroot\mfc\ultimate toolbox\samples\advanced\outlooklikedemo\unicode_release\oxbitmapbutton.obj
e:\ntroot\mfc\ultimate toolbox\samples\advanced\outlooklikedemo\unicode_release\oxadvancedassertmail.obj
e:\ntroot\mfc\ultimate toolbox\samples\advanced\outlooklikedemo\unicode_release\oxadvancedassert.obj
e:\ntroot\mfc\ultimate toolbox\samples\advanced\outlooklikedemo\unicode_release\mfctoolbar.obj
e:\ntroot\mfc\ultimate toolbox\samples\advanced\outlooklikedemo\unicode_release\outlooklistview.obj
e:\ntroot\mfc\ultimate toolbox\samples\advanced\outlooklikedemo\unicode_release\outlookformview.obj
e:\ntroot\mfc\ultimate toolbox\samples\advanced\outlooklikedemo\unicode_release\outlookdoc.obj
e:\ntroot\mfc\ultimate toolbox\samples\advanced\outlooklikedemo\unicode_release\outlook.obj
e:\ntroot\mfc\ultimate toolbox\samples\advanced\outlooklikedemo\unicode_release\mainfrm.obj
e:\ntroot\mfc\ultimate toolbox\samples\advanced\outlooklikedemo\unicode_release\xstatus4.obj
e:\ntroot\mfc\ultimate toolbox\samples\advanced\outlooklikedemo\unicode_release\utsampleabout.obj
e:\ntroot\mfc\ultimate toolbox\samples\advanced\outlooklikedemo\unicode_release\htmlctrl.obj
e:\ntroot\mfc\ultimate toolbox\samples\advanced\outlooklikedemo\unicode_release\utbstrop.obj
e:\ntroot\mfc\ultimate toolbox\samples\advanced\outlooklikedemo\unicode_release\oxuxtheme.obj
e:\ntroot\mfc\ultimate toolbox\samples\advanced\outlooklikedemo\unicode_release\oxtooltipctrl.obj
e:\ntroot\mfc\ultimate toolbox\samples\advanced\outlooklikedemo\unicode_release\oxtabclientwnd.obj
e:\ntroot\mfc\ultimate toolbox\samples\advanced\outlooklikedemo\unicode_release\oxszminidockfrmwnd.obj
e:\ntroot\mfc\ultimate toolbox\samples\advanced\outlooklikedemo\unicode_release\oxstatic.obj
e:\ntroot\mfc\ultimate toolbox\samples\advanced\outlooklikedemo\unicode_release\oxsplitterrect.obj
e:\ntroot\mfc\ultimate toolbox\samples\advanced\outlooklikedemo\unicode_release\oxskins.obj
e:\ntroot\mfc\ultimate toolbox\samples\advanced\outlooklikedemo\unicode_release\oxskinnedtabctrl.obj
e:\ntroot\mfc\ultimate toolbox\samples\advanced\outlooklikedemo\unicode_release\oxskinnedspinctrl.obj
e:\ntroot\mfc\ultimate toolbox\samples\advanced\outlooklikedemo\unicode_release\oxskinnedcombobox.obj
e:\ntroot\mfc\ultimate toolbox\samples\advanced\outlooklikedemo\unicode_release\oxsizetoolbar.obj
e:\ntroot\mfc\ultimate toolbox\samples\advanced\outlooklikedemo\unicode_release\shbpropertiesdlg.obj
e:\ntroot\mfc\ultimate toolbox\samples\advanced\outlooklikedemo\unicode_release\outlookview.obj
e:\ntroot\mfc\ultimate toolbox\samples\advanced\outlooklikedemo\unicode_release\outlooktreeview.obj
e:\ntroot\mfc\ultimate toolbox\samples\advanced\outlooklikedemo\unicode_release\outlook.tlog\cl.command.1.tlog
e:\ntroot\mfc\ultimate toolbox\samples\advanced\outlooklikedemo\unicode_release\outlook.tlog\cl.read.1.tlog
e:\ntroot\mfc\ultimate toolbox\samples\advanced\outlooklikedemo\unicode_release\outlook.tlog\cl.write.1.tlog
