e:\ntroot\mfc\ultimate toolbox\samples\advanced\outlooklikedemo\release_shared\outlook.pch
e:\ntroot\mfc\ultimate toolbox\samples\advanced\outlooklikedemo\release_shared\vc141.pdb
e:\ntroot\mfc\ultimate toolbox\samples\advanced\outlooklikedemo\release_shared\stdafx.obj
e:\ntroot\mfc\ultimate toolbox\samples\advanced\outlooklikedemo\release_shared\oxsizedockbar.obj
e:\ntroot\mfc\ultimate toolbox\samples\advanced\outlooklikedemo\release_shared\oxsizectrlbar.obj
e:\ntroot\mfc\ultimate toolbox\samples\advanced\outlooklikedemo\release_shared\oxshortcutbar.obj
e:\ntroot\mfc\ultimate toolbox\samples\advanced\outlooklikedemo\release_shared\oxrecttracker.obj
e:\ntroot\mfc\ultimate toolbox\samples\advanced\outlooklikedemo\release_shared\oxpopupbarctrl.obj
e:\ntroot\mfc\ultimate toolbox\samples\advanced\outlooklikedemo\release_shared\oxmenubar.obj
e:\ntroot\mfc\ultimate toolbox\samples\advanced\outlooklikedemo\release_shared\oxmdifloatwnd.obj
e:\ntroot\mfc\ultimate toolbox\samples\advanced\outlooklikedemo\release_shared\oxframewnddock.obj
e:\ntroot\mfc\ultimate toolbox\samples\advanced\outlooklikedemo\release_shared\oxdragdockcontext.obj
e:\ntroot\mfc\ultimate toolbox\samples\advanced\outlooklikedemo\release_shared\oxdocktabctrl.obj
e:\ntroot\mfc\ultimate toolbox\samples\advanced\outlooklikedemo\release_shared\oxcooltoolbar.obj
e:\ntroot\mfc\ultimate toolbox\samples\advanced\outlooklikedemo\release_shared\oxcolorpickerctrl.obj
e:\ntroot\mfc\ultimate toolbox\samples\advanced\outlooklikedemo\release_shared\oxcolorpickerbutton.obj
e:\ntroot\mfc\ultimate toolbox\samples\advanced\outlooklikedemo\release_shared\oxbitmapmenuorganizer.obj
e:\ntroot\mfc\ultimate toolbox\samples\advanced\outlooklikedemo\release_shared\oxbitmapmenu.obj
e:\ntroot\mfc\ultimate toolbox\samples\advanced\outlooklikedemo\release_shared\oxbitmapbutton.obj
e:\ntroot\mfc\ultimate toolbox\samples\advanced\outlooklikedemo\release_shared\oxadvancedassertmail.obj
e:\ntroot\mfc\ultimate toolbox\samples\advanced\outlooklikedemo\release_shared\oxadvancedassert.obj
e:\ntroot\mfc\ultimate toolbox\samples\advanced\outlooklikedemo\release_shared\ox3dtabview.obj
e:\ntroot\mfc\ultimate toolbox\samples\advanced\outlooklikedemo\release_shared\mfctoolbar.obj
e:\ntroot\mfc\ultimate toolbox\samples\advanced\outlooklikedemo\release_shared\outlooklistview.obj
e:\ntroot\mfc\ultimate toolbox\samples\advanced\outlooklikedemo\release_shared\outlookformview.obj
e:\ntroot\mfc\ultimate toolbox\samples\advanced\outlooklikedemo\release_shared\outlookdoc.obj
e:\ntroot\mfc\ultimate toolbox\samples\advanced\outlooklikedemo\release_shared\outlook.obj
e:\ntroot\mfc\ultimate toolbox\samples\advanced\outlooklikedemo\release_shared\mainfrm.obj
e:\ntroot\mfc\ultimate toolbox\samples\advanced\outlooklikedemo\release_shared\xstatus4.obj
e:\ntroot\mfc\ultimate toolbox\samples\advanced\outlooklikedemo\release_shared\utsampleabout.obj
e:\ntroot\mfc\ultimate toolbox\samples\advanced\outlooklikedemo\release_shared\htmlctrl.obj
e:\ntroot\mfc\ultimate toolbox\samples\advanced\outlooklikedemo\release_shared\utbstrop.obj
e:\ntroot\mfc\ultimate toolbox\samples\advanced\outlooklikedemo\release_shared\oxuxtheme.obj
e:\ntroot\mfc\ultimate toolbox\samples\advanced\outlooklikedemo\release_shared\oxtooltipctrl.obj
e:\ntroot\mfc\ultimate toolbox\samples\advanced\outlooklikedemo\release_shared\oxtabclientwnd.obj
e:\ntroot\mfc\ultimate toolbox\samples\advanced\outlooklikedemo\release_shared\oxszminidockfrmwnd.obj
e:\ntroot\mfc\ultimate toolbox\samples\advanced\outlooklikedemo\release_shared\oxstatic.obj
e:\ntroot\mfc\ultimate toolbox\samples\advanced\outlooklikedemo\release_shared\oxsplitterrect.obj
e:\ntroot\mfc\ultimate toolbox\samples\advanced\outlooklikedemo\release_shared\oxskins.obj
e:\ntroot\mfc\ultimate toolbox\samples\advanced\outlooklikedemo\release_shared\oxskinnedtabctrl.obj
e:\ntroot\mfc\ultimate toolbox\samples\advanced\outlooklikedemo\release_shared\oxskinnedspinctrl.obj
e:\ntroot\mfc\ultimate toolbox\samples\advanced\outlooklikedemo\release_shared\oxskinnedcombobox.obj
e:\ntroot\mfc\ultimate toolbox\samples\advanced\outlooklikedemo\release_shared\oxsizetoolbar.obj
e:\ntroot\mfc\ultimate toolbox\samples\advanced\outlooklikedemo\release_shared\shbpropertiesdlg.obj
e:\ntroot\mfc\ultimate toolbox\samples\advanced\outlooklikedemo\release_shared\outlookview.obj
e:\ntroot\mfc\ultimate toolbox\samples\advanced\outlooklikedemo\release_shared\outlooktreeview.obj
e:\ntroot\mfc\ultimate toolbox\samples\advanced\outlooklikedemo\release_shared\outlook.res
e:\ntroot\mfc\ultimate toolbox\samples\advanced\outlooklikedemo\release_shared\outlook.tlog\cl.command.1.tlog
e:\ntroot\mfc\ultimate toolbox\samples\advanced\outlooklikedemo\release_shared\outlook.tlog\cl.read.1.tlog
e:\ntroot\mfc\ultimate toolbox\samples\advanced\outlooklikedemo\release_shared\outlook.tlog\cl.write.1.tlog
e:\ntroot\mfc\ultimate toolbox\samples\advanced\outlooklikedemo\release_shared\outlook.tlog\link.command.1.tlog
e:\ntroot\mfc\ultimate toolbox\samples\advanced\outlooklikedemo\release_shared\outlook.tlog\link.read.1.tlog
e:\ntroot\mfc\ultimate toolbox\samples\advanced\outlooklikedemo\release_shared\outlook.tlog\link.write.1.tlog
e:\ntroot\mfc\ultimate toolbox\samples\advanced\outlooklikedemo\release_shared\outlook.tlog\rc.command.1.tlog
e:\ntroot\mfc\ultimate toolbox\samples\advanced\outlooklikedemo\release_shared\outlook.tlog\rc.read.1.tlog
e:\ntroot\mfc\ultimate toolbox\samples\advanced\outlooklikedemo\release_shared\outlook.tlog\rc.write.1.tlog
